2020-12-14 11:05:05.890 [main] INFO  c.e.x.a.controller.AdvertisementControllerTest - The following profiles are active: dev
2020-12-14 11:07:05.779 [main] INFO  c.e.x.a.controller.AdvertisementControllerTest - The following profiles are active: dev
2020-12-14 11:07:48.379 [main] INFO  c.e.x.a.controller.AdvertisementControllerTest - Started AdvertisementControllerTest in 65.215 seconds (JVM running for 69.806)
2020-12-14 11:07:49.436 [main] DEBUG c.e.x.a.controller.AdvertisementControllerTest - eyJ0eXAiOiJKV1QiLCJhbGciOiJIUzI1NiJ9.eyJzdWIiOiJ0aGlzIGlzIGEgdG9rZW4iLCJhdWQiOiJNSU5JQVBQIiwidG9rZW5JZCI6IjIwMjAxMjE0MTEwNzQ5NFFQIiwiaXNzIjoiT09BRCIsImRlcGFydElkIjowLCJleHAiOjE2MDc5MTUzNjksInVzZXJJZCI6MSwiaWF0IjoxNjA3OTE1MjY5fQ.FYOcd0yYPGd0yYQePZRAxu7rsuqsYSpkTXvUw28N9Ek
2020-12-14 11:07:49.542 [main] DEBUG c.e.x.a.controller.AdvertisementController - getCurrentAdvertisement
2020-12-14 11:10:35.081 [main] INFO  c.e.x.a.controller.AdvertisementControllerTest - The following profiles are active: dev
2020-12-14 11:11:17.237 [main] INFO  c.e.x.a.controller.AdvertisementControllerTest - Started AdvertisementControllerTest in 61.688 seconds (JVM running for 65.579)
2020-12-14 11:11:18.183 [main] DEBUG c.e.x.a.controller.AdvertisementControllerTest - eyJ0eXAiOiJKV1QiLCJhbGciOiJIUzI1NiJ9.eyJzdWIiOiJ0aGlzIGlzIGEgdG9rZW4iLCJhdWQiOiJNSU5JQVBQIiwidG9rZW5JZCI6IjIwMjAxMjE0MTExMTE4MTdRIiwiaXNzIjoiT09BRCIsImRlcGFydElkIjowLCJleHAiOjE2MDc5MTU1NzgsInVzZXJJZCI6MSwiaWF0IjoxNjA3OTE1NDc4fQ.MmXUQ8ObpdJ2wQZXxJBYjg--3G7pLRvRn1JO3yBFblY
2020-12-14 11:11:18.298 [main] DEBUG c.e.x.a.controller.AdvertisementController - getCurrentAdvertisement
2020-12-14 11:28:40.305 [main] INFO  c.e.x.a.controller.AdvertisementControllerTest - The following profiles are active: dev
2020-12-14 11:29:23.762 [main] INFO  c.e.x.a.controller.AdvertisementControllerTest - Started AdvertisementControllerTest in 66.84 seconds (JVM running for 70.858)
2020-12-14 11:29:24.747 [main] DEBUG c.e.x.a.controller.AdvertisementControllerTest - eyJ0eXAiOiJKV1QiLCJhbGciOiJIUzI1NiJ9.eyJzdWIiOiJ0aGlzIGlzIGEgdG9rZW4iLCJhdWQiOiJNSU5JQVBQIiwidG9rZW5JZCI6IjIwMjAxMjE0MTEyOTI0N1NGIiwiaXNzIjoiT09BRCIsImRlcGFydElkIjowLCJleHAiOjE2MDc5MTY2NjQsInVzZXJJZCI6MSwiaWF0IjoxNjA3OTE2NTY0fQ.SKFFcOQiKiys6Ama2Egf_xCuWsKeAeGMJD_Yp8G_TxE
2020-12-14 11:29:24.853 [main] DEBUG c.e.x.a.controller.AdvertisementController - getCurrentAdvertisement
2020-12-14 11:32:07.591 [main] INFO  c.e.x.a.controller.AdvertisementControllerTest - The following profiles are active: dev
2020-12-14 11:32:58.312 [main] INFO  c.e.x.a.controller.AdvertisementControllerTest - Started AdvertisementControllerTest in 71.577 seconds (JVM running for 76.375)
2020-12-14 11:32:59.343 [main] DEBUG c.e.x.a.controller.AdvertisementControllerTest - eyJ0eXAiOiJKV1QiLCJhbGciOiJIUzI1NiJ9.eyJzdWIiOiJ0aGlzIGlzIGEgdG9rZW4iLCJhdWQiOiJNSU5JQVBQIiwidG9rZW5JZCI6IjIwMjAxMjE0MTEzMjU5M0tSIiwiaXNzIjoiT09BRCIsImRlcGFydElkIjowLCJleHAiOjE2MDc5MTY4NzksInVzZXJJZCI6MSwiaWF0IjoxNjA3OTE2Nzc5fQ.Lgh3NhUh_xpqjQgri8q8DtXJgvSoYujWLWemexVrNEc
2020-12-14 11:32:59.453 [main] DEBUG c.e.x.a.controller.AdvertisementController - getCurrentAdvertisement
2020-12-14 11:34:52.594 [main] INFO  c.e.x.a.controller.AdvertisementControllerTest - The following profiles are active: dev
2020-12-14 11:35:44.508 [main] INFO  c.e.x.a.controller.AdvertisementControllerTest - Started AdvertisementControllerTest in 71.521 seconds (JVM running for 74.907)
2020-12-14 11:35:46.324 [main] DEBUG c.e.x.a.controller.AdvertisementControllerTest - eyJ0eXAiOiJKV1QiLCJhbGciOiJIUzI1NiJ9.eyJzdWIiOiJ0aGlzIGlzIGEgdG9rZW4iLCJhdWQiOiJNSU5JQVBQIiwidG9rZW5JZCI6IjIwMjAxMjE0MTEzNTQ2MlNJIiwiaXNzIjoiT09BRCIsImRlcGFydElkIjowLCJleHAiOjE2MDc5MTcwNDYsInVzZXJJZCI6MSwiaWF0IjoxNjA3OTE2OTQ2fQ.dwZnVLrJ7_vwIWta86DY6GgVVfRLRH3CVi1tkC89vwg
2020-12-14 11:35:46.572 [main] DEBUG c.e.x.a.controller.AdvertisementController - getCurrentAdvertisement
2020-12-14 11:37:59.039 [main] INFO  c.e.x.a.controller.AdvertisementControllerTest - The following profiles are active: dev
2020-12-14 11:38:41.918 [main] INFO  c.e.x.a.controller.AdvertisementControllerTest - Started AdvertisementControllerTest in 61.59 seconds (JVM running for 65.113)
2020-12-14 11:38:43.129 [main] DEBUG c.e.x.a.controller.AdvertisementControllerTest - eyJ0eXAiOiJKV1QiLCJhbGciOiJIUzI1NiJ9.eyJzdWIiOiJ0aGlzIGlzIGEgdG9rZW4iLCJhdWQiOiJNSU5JQVBQIiwidG9rZW5JZCI6IjIwMjAxMjE0MTEzODQzMVFGIiwiaXNzIjoiT09BRCIsImRlcGFydElkIjowLCJleHAiOjE2MDc5MTcyMjMsInVzZXJJZCI6MSwiaWF0IjoxNjA3OTE3MTIzfQ.e3F1ZG1ceqdje4hHsDyUI_0ZFa4TEkvAtNPjKbLuEOg
2020-12-14 11:38:43.228 [main] DEBUG c.e.x.a.controller.AdvertisementController - getCurrentAdvertisement
2020-12-14 11:41:23.858 [main] INFO  c.e.x.a.controller.AdvertisementControllerTest - The following profiles are active: dev
2020-12-14 11:42:05.053 [main] INFO  c.e.x.a.controller.AdvertisementControllerTest - Started AdvertisementControllerTest in 65.747 seconds (JVM running for 69.491)
2020-12-14 11:42:06.072 [main] DEBUG c.e.x.a.controller.AdvertisementControllerTest - eyJ0eXAiOiJKV1QiLCJhbGciOiJIUzI1NiJ9.eyJzdWIiOiJ0aGlzIGlzIGEgdG9rZW4iLCJhdWQiOiJNSU5JQVBQIiwidG9rZW5JZCI6IjIwMjAxMjE0MTE0MjA2MEtQIiwiaXNzIjoiT09BRCIsImRlcGFydElkIjowLCJleHAiOjE2MDc5MTc0MjYsInVzZXJJZCI6MSwiaWF0IjoxNjA3OTE3MzI2fQ.Ygv5zgE7dld8Ps4IhJJVtnID5WgwiYAgA6jYjbk6zEU
2020-12-14 11:42:06.179 [main] DEBUG c.e.x.a.controller.AdvertisementController - getCurrentAdvertisement
2020-12-14 11:43:42.281 [main] INFO  c.e.x.a.controller.AdvertisementControllerTest - The following profiles are active: dev
2020-12-14 11:44:25.165 [main] INFO  c.e.x.a.controller.AdvertisementControllerTest - Started AdvertisementControllerTest in 63.315 seconds (JVM running for 66.608)
2020-12-14 11:44:26.159 [main] DEBUG c.e.x.a.controller.AdvertisementControllerTest - eyJ0eXAiOiJKV1QiLCJhbGciOiJIUzI1NiJ9.eyJzdWIiOiJ0aGlzIGlzIGEgdG9rZW4iLCJhdWQiOiJNSU5JQVBQIiwidG9rZW5JZCI6IjIwMjAxMjE0MTE0NDI2MVZJIiwiaXNzIjoiT09BRCIsImRlcGFydElkIjowLCJleHAiOjE2MDc5MTc1NjYsInVzZXJJZCI6MSwiaWF0IjoxNjA3OTE3NDY2fQ.9xiQe819o-DgsANiN4WFDPHpy_EUyVdiJI2FGnVEkno
2020-12-14 11:44:26.272 [main] DEBUG c.e.x.a.controller.AdvertisementController - getCurrentAdvertisement
2020-12-14 11:46:22.727 [main] INFO  c.e.x.a.controller.AdvertisementControllerTest - The following profiles are active: dev
2020-12-14 11:47:06.778 [main] INFO  c.e.x.a.controller.AdvertisementControllerTest - Started AdvertisementControllerTest in 62.804 seconds (JVM running for 66.158)
2020-12-14 11:47:07.871 [main] DEBUG c.e.x.a.controller.AdvertisementControllerTest - eyJ0eXAiOiJKV1QiLCJhbGciOiJIUzI1NiJ9.eyJzdWIiOiJ0aGlzIGlzIGEgdG9rZW4iLCJhdWQiOiJNSU5JQVBQIiwidG9rZW5JZCI6IjIwMjAxMjE0MTE0NzA3ODlCIiwiaXNzIjoiT09BRCIsImRlcGFydElkIjowLCJleHAiOjE2MDc5MTc3MjcsInVzZXJJZCI6MSwiaWF0IjoxNjA3OTE3NjI3fQ.JauewurCjxvGjaY3YhDYPwNqP7j5aI836g07w47zgcs
2020-12-14 11:47:07.980 [main] DEBUG c.e.x.a.controller.AdvertisementController - getCurrentAdvertisement
2020-12-14 11:49:16.197 [main] INFO  c.e.x.a.controller.AdvertisementControllerTest - The following profiles are active: dev
2020-12-14 11:50:06.886 [main] INFO  c.e.x.a.controller.AdvertisementControllerTest - Started AdvertisementControllerTest in 70.781 seconds (JVM running for 73.905)
2020-12-14 11:50:07.878 [main] DEBUG c.e.x.a.controller.AdvertisementControllerTest - eyJ0eXAiOiJKV1QiLCJhbGciOiJIUzI1NiJ9.eyJzdWIiOiJ0aGlzIGlzIGEgdG9rZW4iLCJhdWQiOiJNSU5JQVBQIiwidG9rZW5JZCI6IjIwMjAxMjE0MTE1MDA3ODFYIiwiaXNzIjoiT09BRCIsImRlcGFydElkIjowLCJleHAiOjE2MDc5MTc5MDcsInVzZXJJZCI6MSwiaWF0IjoxNjA3OTE3ODA3fQ.An_yaUK9N3MR7yZM4hOX5w6vd5QFSVtH9S7Tc2gsEAY
2020-12-14 11:50:07.984 [main] DEBUG c.e.x.a.controller.AdvertisementController - getCurrentAdvertisement
2020-12-14 14:25:47.410 [main] INFO  c.e.x.a.controller.AdvertisementControllerTest - The following profiles are active: dev
2020-12-14 14:26:14.412 [main] ERROR org.springframework.boot.SpringApplication - Application run failed
org.springframework.beans.factory.UnsatisfiedDependencyException: Error creating bean with name 'advertisementController': Unsatisfied dependency expressed through field 'advertisementService'; nested exception is org.springframework.beans.factory.BeanCreationException: Error creating bean with name 'advertisementService': Injection of @DubboReference dependencies is failed; nested exception is java.lang.IllegalStateException: Failed to check the status of the service ITimeService. No provider available for the service ITimeService:0.0.1-SNAPSHOT from the url nacos://localhost:8848/org.apache.dubbo.registry.RegistryService?application=advertisement-service&dubbo=2.0.2&init=false&interface=ITimeService&metadata-type=remote&methods=getTimesegmentById&pid=19528&qos.enable=false&register.ip=192.168.244.1&release=2.7.8&revision=0.0.1-SNAPSHOT&side=consumer&sticky=false&timestamp=1607927160382&version=0.0.1-SNAPSHOT to the consumer 192.168.244.1 use dubbo version 2.7.8
	at org.springframework.beans.factory.annotation.AutowiredAnnotationBeanPostProcessor$AutowiredFieldElement.inject(AutowiredAnnotationBeanPostProcessor.java:643)
	at org.springframework.beans.factory.annotation.InjectionMetadata.inject(InjectionMetadata.java:130)
	at org.springframework.beans.factory.annotation.AutowiredAnnotationBeanPostProcessor.postProcessProperties(AutowiredAnnotationBeanPostProcessor.java:399)
	at org.springframework.beans.factory.support.AbstractAutowireCapableBeanFactory.populateBean(AbstractAutowireCapableBeanFactory.java:1420)
	at org.springframework.beans.factory.support.AbstractAutowireCapableBeanFactory.doCreateBean(AbstractAutowireCapableBeanFactory.java:593)
	at org.springframework.beans.factory.support.AbstractAutowireCapableBeanFactory.createBean(AbstractAutowireCapableBeanFactory.java:516)
	at org.springframework.beans.factory.support.AbstractBeanFactory.lambda$doGetBean$0(AbstractBeanFactory.java:324)
	at org.springframework.beans.factory.support.DefaultSingletonBeanRegistry.getSingleton(DefaultSingletonBeanRegistry.java:226)
	at org.springframework.beans.factory.support.AbstractBeanFactory.doGetBean(AbstractBeanFactory.java:322)
	at org.springframework.beans.factory.support.AbstractBeanFactory.getBean(AbstractBeanFactory.java:202)
	at org.springframework.beans.factory.support.DefaultListableBeanFactory.preInstantiateSingletons(DefaultListableBeanFactory.java:897)
	at org.springframework.context.support.AbstractApplicationContext.finishBeanFactoryInitialization(AbstractApplicationContext.java:879)
	at org.springframework.context.support.AbstractApplicationContext.refresh(AbstractApplicationContext.java:551)
	at org.springframework.boot.SpringApplication.refresh(SpringApplication.java:758)
	at org.springframework.boot.SpringApplication.refresh(SpringApplication.java:750)
	at org.springframework.boot.SpringApplication.refreshContext(SpringApplication.java:397)
	at org.springframework.boot.SpringApplication.run(SpringApplication.java:315)
	at org.springframework.boot.test.context.SpringBootContextLoader.loadContext(SpringBootContextLoader.java:120)
	at org.springframework.test.context.cache.DefaultCacheAwareContextLoaderDelegate.loadContextInternal(DefaultCacheAwareContextLoaderDelegate.java:99)
	at org.springframework.test.context.cache.DefaultCacheAwareContextLoaderDelegate.loadContext(DefaultCacheAwareContextLoaderDelegate.java:124)
	at org.springframework.test.context.support.DefaultTestContext.getApplicationContext(DefaultTestContext.java:123)
	at org.springframework.test.context.web.ServletTestExecutionListener.setUpRequestContextIfNecessary(ServletTestExecutionListener.java:190)
	at org.springframework.test.context.web.ServletTestExecutionListener.prepareTestInstance(ServletTestExecutionListener.java:132)
	at org.springframework.test.context.TestContextManager.prepareTestInstance(TestContextManager.java:244)
	at org.springframework.test.context.junit.jupiter.SpringExtension.postProcessTestInstance(SpringExtension.java:98)
	at org.junit.jupiter.engine.descriptor.ClassBasedTestDescriptor.lambda$invokeTestInstancePostProcessors$5(ClassBasedTestDescriptor.java:341)
	at org.junit.jupiter.engine.descriptor.ClassBasedTestDescriptor.executeAndMaskThrowable(ClassBasedTestDescriptor.java:346)
	at org.junit.jupiter.engine.descriptor.ClassBasedTestDescriptor.lambda$invokeTestInstancePostProcessors$6(ClassBasedTestDescriptor.java:341)
	at java.base/java.util.stream.ReferencePipeline$3$1.accept(ReferencePipeline.java:195)
	at java.base/java.util.stream.ReferencePipeline$2$1.accept(ReferencePipeline.java:177)
	at java.base/java.util.ArrayList$ArrayListSpliterator.forEachRemaining(ArrayList.java:1655)
	at java.base/java.util.stream.AbstractPipeline.copyInto(AbstractPipeline.java:484)
	at java.base/java.util.stream.AbstractPipeline.wrapAndCopyInto(AbstractPipeline.java:474)
	at java.base/java.util.stream.StreamSpliterators$WrappingSpliterator.forEachRemaining(StreamSpliterators.java:312)
	at java.base/java.util.stream.Streams$ConcatSpliterator.forEachRemaining(Streams.java:735)
	at java.base/java.util.stream.Streams$ConcatSpliterator.forEachRemaining(Streams.java:734)
	at java.base/java.util.stream.ReferencePipeline$Head.forEach(ReferencePipeline.java:658)
	at org.junit.jupiter.engine.descriptor.ClassBasedTestDescriptor.invokeTestInstancePostProcessors(ClassBasedTestDescriptor.java:340)
	at org.junit.jupiter.engine.descriptor.ClassBasedTestDescriptor.instantiateAndPostProcessTestInstance(ClassBasedTestDescriptor.java:263)
	at org.junit.jupiter.engine.descriptor.ClassBasedTestDescriptor.lambda$testInstancesProvider$2(ClassBasedTestDescriptor.java:256)
	at java.base/java.util.Optional.orElseGet(Optional.java:369)
	at org.junit.jupiter.engine.descriptor.ClassBasedTestDescriptor.lambda$testInstancesProvider$3(ClassBasedTestDescriptor.java:255)
	at org.junit.jupiter.engine.execution.TestInstancesProvider.getTestInstances(TestInstancesProvider.java:29)
	at org.junit.jupiter.engine.descriptor.TestMethodTestDescriptor.lambda$prepare$0(TestMethodTestDescriptor.java:108)
	at org.junit.platform.engine.support.hierarchical.ThrowableCollector.execute(ThrowableCollector.java:73)
	at org.junit.jupiter.engine.descriptor.TestMethodTestDescriptor.prepare(TestMethodTestDescriptor.java:107)
	at org.junit.jupiter.engine.descriptor.TestMethodTestDescriptor.prepare(TestMethodTestDescriptor.java:71)
	at org.junit.platform.engine.support.hierarchical.NodeTestTask.lambda$prepare$1(NodeTestTask.java:107)
	at org.junit.platform.engine.support.hierarchical.ThrowableCollector.execute(ThrowableCollector.java:73)
	at org.junit.platform.engine.support.hierarchical.NodeTestTask.prepare(NodeTestTask.java:107)
	at org.junit.platform.engine.support.hierarchical.NodeTestTask.execute(NodeTestTask.java:75)
	at java.base/java.util.ArrayList.forEach(ArrayList.java:1541)
	at org.junit.platform.engine.support.hierarchical.SameThreadHierarchicalTestExecutorService.invokeAll(SameThreadHierarchicalTestExecutorService.java:38)
	at org.junit.platform.engine.support.hierarchical.NodeTestTask.lambda$executeRecursively$5(NodeTestTask.java:139)
	at org.junit.platform.engine.support.hierarchical.ThrowableCollector.execute(ThrowableCollector.java:73)
	at org.junit.platform.engine.support.hierarchical.NodeTestTask.lambda$executeRecursively$7(NodeTestTask.java:125)
	at org.junit.platform.engine.support.hierarchical.Node.around(Node.java:135)
	at org.junit.platform.engine.support.hierarchical.NodeTestTask.lambda$executeRecursively$8(NodeTestTask.java:123)
	at org.junit.platform.engine.support.hierarchical.ThrowableCollector.execute(ThrowableCollector.java:73)
	at org.junit.platform.engine.support.hierarchical.NodeTestTask.executeRecursively(NodeTestTask.java:122)
	at org.junit.platform.engine.support.hierarchical.NodeTestTask.execute(NodeTestTask.java:80)
	at java.base/java.util.ArrayList.forEach(ArrayList.java:1541)
	at org.junit.platform.engine.support.hierarchical.SameThreadHierarchicalTestExecutorService.invokeAll(SameThreadHierarchicalTestExecutorService.java:38)
	at org.junit.platform.engine.support.hierarchical.NodeTestTask.lambda$executeRecursively$5(NodeTestTask.java:139)
	at org.junit.platform.engine.support.hierarchical.ThrowableCollector.execute(ThrowableCollector.java:73)
	at org.junit.platform.engine.support.hierarchical.NodeTestTask.lambda$executeRecursively$7(NodeTestTask.java:125)
	at org.junit.platform.engine.support.hierarchical.Node.around(Node.java:135)
	at org.junit.platform.engine.support.hierarchical.NodeTestTask.lambda$executeRecursively$8(NodeTestTask.java:123)
	at org.junit.platform.engine.support.hierarchical.ThrowableCollector.execute(ThrowableCollector.java:73)
	at org.junit.platform.engine.support.hierarchical.NodeTestTask.executeRecursively(NodeTestTask.java:122)
	at org.junit.platform.engine.support.hierarchical.NodeTestTask.execute(NodeTestTask.java:80)
	at org.junit.platform.engine.support.hierarchical.SameThreadHierarchicalTestExecutorService.submit(SameThreadHierarchicalTestExecutorService.java:32)
	at org.junit.platform.engine.support.hierarchical.HierarchicalTestExecutor.execute(HierarchicalTestExecutor.java:57)
	at org.junit.platform.engine.support.hierarchical.HierarchicalTestEngine.execute(HierarchicalTestEngine.java:51)
	at org.junit.platform.launcher.core.DefaultLauncher.execute(DefaultLauncher.java:248)
	at org.junit.platform.launcher.core.DefaultLauncher.lambda$execute$5(DefaultLauncher.java:211)
	at org.junit.platform.launcher.core.DefaultLauncher.withInterceptedStreams(DefaultLauncher.java:226)
	at org.junit.platform.launcher.core.DefaultLauncher.execute(DefaultLauncher.java:199)
	at org.junit.platform.launcher.core.DefaultLauncher.execute(DefaultLauncher.java:132)
	at com.intellij.junit5.JUnit5IdeaTestRunner.startRunnerWithArgs(JUnit5IdeaTestRunner.java:69)
	at com.intellij.rt.junit.IdeaTestRunner$Repeater.startRunnerWithArgs(IdeaTestRunner.java:33)
	at com.intellij.rt.junit.JUnitStarter.prepareStreamsAndStart(JUnitStarter.java:230)
	at com.intellij.rt.junit.JUnitStarter.main(JUnitStarter.java:58)
Caused by: org.springframework.beans.factory.BeanCreationException: Error creating bean with name 'advertisementService': Injection of @DubboReference dependencies is failed; nested exception is java.lang.IllegalStateException: Failed to check the status of the service ITimeService. No provider available for the service ITimeService:0.0.1-SNAPSHOT from the url nacos://localhost:8848/org.apache.dubbo.registry.RegistryService?application=advertisement-service&dubbo=2.0.2&init=false&interface=ITimeService&metadata-type=remote&methods=getTimesegmentById&pid=19528&qos.enable=false&register.ip=192.168.244.1&release=2.7.8&revision=0.0.1-SNAPSHOT&side=consumer&sticky=false&timestamp=1607927160382&version=0.0.1-SNAPSHOT to the consumer 192.168.244.1 use dubbo version 2.7.8
	at com.alibaba.spring.beans.factory.annotation.AbstractAnnotationBeanPostProcessor.postProcessPropertyValues(AbstractAnnotationBeanPostProcessor.java:149)
	at org.springframework.beans.factory.support.AbstractAutowireCapableBeanFactory.populateBean(AbstractAutowireCapableBeanFactory.java:1425)
	at org.springframework.beans.factory.support.AbstractAutowireCapableBeanFactory.doCreateBean(AbstractAutowireCapableBeanFactory.java:593)
	at org.springframework.beans.factory.support.AbstractAutowireCapableBeanFactory.createBean(AbstractAutowireCapableBeanFactory.java:516)
	at org.springframework.beans.factory.support.AbstractBeanFactory.lambda$doGetBean$0(AbstractBeanFactory.java:324)
	at org.springframework.beans.factory.support.DefaultSingletonBeanRegistry.getSingleton(DefaultSingletonBeanRegistry.java:226)
	at org.springframework.beans.factory.support.AbstractBeanFactory.doGetBean(AbstractBeanFactory.java:322)
	at org.springframework.beans.factory.support.AbstractBeanFactory.getBean(AbstractBeanFactory.java:202)
	at org.springframework.beans.factory.config.DependencyDescriptor.resolveCandidate(DependencyDescriptor.java:276)
	at org.springframework.beans.factory.support.DefaultListableBeanFactory.doResolveDependency(DefaultListableBeanFactory.java:1307)
	at org.springframework.beans.factory.support.DefaultListableBeanFactory.resolveDependency(DefaultListableBeanFactory.java:1227)
	at org.springframework.beans.factory.annotation.AutowiredAnnotationBeanPostProcessor$AutowiredFieldElement.inject(AutowiredAnnotationBeanPostProcessor.java:640)
	... 82 common frames omitted
Caused by: java.lang.IllegalStateException: Failed to check the status of the service ITimeService. No provider available for the service ITimeService:0.0.1-SNAPSHOT from the url nacos://localhost:8848/org.apache.dubbo.registry.RegistryService?application=advertisement-service&dubbo=2.0.2&init=false&interface=ITimeService&metadata-type=remote&methods=getTimesegmentById&pid=19528&qos.enable=false&register.ip=192.168.244.1&release=2.7.8&revision=0.0.1-SNAPSHOT&side=consumer&sticky=false&timestamp=1607927160382&version=0.0.1-SNAPSHOT to the consumer 192.168.244.1 use dubbo version 2.7.8
	at org.apache.dubbo.config.ReferenceConfig.checkInvokerAvailable(ReferenceConfig.java:420)
	at org.apache.dubbo.config.ReferenceConfig.init(ReferenceConfig.java:315)
	at org.apache.dubbo.config.ReferenceConfig.get(ReferenceConfig.java:205)
	at org.apache.dubbo.config.spring.beans.factory.annotation.ReferenceAnnotationBeanPostProcessor.doGetInjectedBean(ReferenceAnnotationBeanPostProcessor.java:144)
	at com.alibaba.spring.beans.factory.annotation.AbstractAnnotationBeanPostProcessor.getInjectedObject(AbstractAnnotationBeanPostProcessor.java:362)
	at com.alibaba.spring.beans.factory.annotation.AbstractAnnotationBeanPostProcessor$AnnotatedFieldElement.inject(AbstractAnnotationBeanPostProcessor.java:542)
	at org.springframework.beans.factory.annotation.InjectionMetadata.inject(InjectionMetadata.java:130)
	at com.alibaba.spring.beans.factory.annotation.AbstractAnnotationBeanPostProcessor.postProcessPropertyValues(AbstractAnnotationBeanPostProcessor.java:145)
	... 93 common frames omitted
2020-12-14 14:26:14.426 [main] ERROR o.springframework.test.context.TestContextManager - Caught exception while allowing TestExecutionListener [org.springframework.test.context.web.ServletTestExecutionListener@1aee6983] to prepare test instance [cn.edu.xmu.advertisement.controller.AdvertisementControllerTest@3adeca1f]
java.lang.IllegalStateException: Failed to load ApplicationContext
	at org.springframework.test.context.cache.DefaultCacheAwareContextLoaderDelegate.loadContext(DefaultCacheAwareContextLoaderDelegate.java:132)
	at org.springframework.test.context.support.DefaultTestContext.getApplicationContext(DefaultTestContext.java:123)
	at org.springframework.test.context.web.ServletTestExecutionListener.setUpRequestContextIfNecessary(ServletTestExecutionListener.java:190)
	at org.springframework.test.context.web.ServletTestExecutionListener.prepareTestInstance(ServletTestExecutionListener.java:132)
	at org.springframework.test.context.TestContextManager.prepareTestInstance(TestContextManager.java:244)
	at org.springframework.test.context.junit.jupiter.SpringExtension.postProcessTestInstance(SpringExtension.java:98)
	at org.junit.jupiter.engine.descriptor.ClassBasedTestDescriptor.lambda$invokeTestInstancePostProcessors$5(ClassBasedTestDescriptor.java:341)
	at org.junit.jupiter.engine.descriptor.ClassBasedTestDescriptor.executeAndMaskThrowable(ClassBasedTestDescriptor.java:346)
	at org.junit.jupiter.engine.descriptor.ClassBasedTestDescriptor.lambda$invokeTestInstancePostProcessors$6(ClassBasedTestDescriptor.java:341)
	at java.base/java.util.stream.ReferencePipeline$3$1.accept(ReferencePipeline.java:195)
	at java.base/java.util.stream.ReferencePipeline$2$1.accept(ReferencePipeline.java:177)
	at java.base/java.util.ArrayList$ArrayListSpliterator.forEachRemaining(ArrayList.java:1655)
	at java.base/java.util.stream.AbstractPipeline.copyInto(AbstractPipeline.java:484)
	at java.base/java.util.stream.AbstractPipeline.wrapAndCopyInto(AbstractPipeline.java:474)
	at java.base/java.util.stream.StreamSpliterators$WrappingSpliterator.forEachRemaining(StreamSpliterators.java:312)
	at java.base/java.util.stream.Streams$ConcatSpliterator.forEachRemaining(Streams.java:735)
	at java.base/java.util.stream.Streams$ConcatSpliterator.forEachRemaining(Streams.java:734)
	at java.base/java.util.stream.ReferencePipeline$Head.forEach(ReferencePipeline.java:658)
	at org.junit.jupiter.engine.descriptor.ClassBasedTestDescriptor.invokeTestInstancePostProcessors(ClassBasedTestDescriptor.java:340)
	at org.junit.jupiter.engine.descriptor.ClassBasedTestDescriptor.instantiateAndPostProcessTestInstance(ClassBasedTestDescriptor.java:263)
	at org.junit.jupiter.engine.descriptor.ClassBasedTestDescriptor.lambda$testInstancesProvider$2(ClassBasedTestDescriptor.java:256)
	at java.base/java.util.Optional.orElseGet(Optional.java:369)
	at org.junit.jupiter.engine.descriptor.ClassBasedTestDescriptor.lambda$testInstancesProvider$3(ClassBasedTestDescriptor.java:255)
	at org.junit.jupiter.engine.execution.TestInstancesProvider.getTestInstances(TestInstancesProvider.java:29)
	at org.junit.jupiter.engine.descriptor.TestMethodTestDescriptor.lambda$prepare$0(TestMethodTestDescriptor.java:108)
	at org.junit.platform.engine.support.hierarchical.ThrowableCollector.execute(ThrowableCollector.java:73)
	at org.junit.jupiter.engine.descriptor.TestMethodTestDescriptor.prepare(TestMethodTestDescriptor.java:107)
	at org.junit.jupiter.engine.descriptor.TestMethodTestDescriptor.prepare(TestMethodTestDescriptor.java:71)
	at org.junit.platform.engine.support.hierarchical.NodeTestTask.lambda$prepare$1(NodeTestTask.java:107)
	at org.junit.platform.engine.support.hierarchical.ThrowableCollector.execute(ThrowableCollector.java:73)
	at org.junit.platform.engine.support.hierarchical.NodeTestTask.prepare(NodeTestTask.java:107)
	at org.junit.platform.engine.support.hierarchical.NodeTestTask.execute(NodeTestTask.java:75)
	at java.base/java.util.ArrayList.forEach(ArrayList.java:1541)
	at org.junit.platform.engine.support.hierarchical.SameThreadHierarchicalTestExecutorService.invokeAll(SameThreadHierarchicalTestExecutorService.java:38)
	at org.junit.platform.engine.support.hierarchical.NodeTestTask.lambda$executeRecursively$5(NodeTestTask.java:139)
	at org.junit.platform.engine.support.hierarchical.ThrowableCollector.execute(ThrowableCollector.java:73)
	at org.junit.platform.engine.support.hierarchical.NodeTestTask.lambda$executeRecursively$7(NodeTestTask.java:125)
	at org.junit.platform.engine.support.hierarchical.Node.around(Node.java:135)
	at org.junit.platform.engine.support.hierarchical.NodeTestTask.lambda$executeRecursively$8(NodeTestTask.java:123)
	at org.junit.platform.engine.support.hierarchical.ThrowableCollector.execute(ThrowableCollector.java:73)
	at org.junit.platform.engine.support.hierarchical.NodeTestTask.executeRecursively(NodeTestTask.java:122)
	at org.junit.platform.engine.support.hierarchical.NodeTestTask.execute(NodeTestTask.java:80)
	at java.base/java.util.ArrayList.forEach(ArrayList.java:1541)
	at org.junit.platform.engine.support.hierarchical.SameThreadHierarchicalTestExecutorService.invokeAll(SameThreadHierarchicalTestExecutorService.java:38)
	at org.junit.platform.engine.support.hierarchical.NodeTestTask.lambda$executeRecursively$5(NodeTestTask.java:139)
	at org.junit.platform.engine.support.hierarchical.ThrowableCollector.execute(ThrowableCollector.java:73)
	at org.junit.platform.engine.support.hierarchical.NodeTestTask.lambda$executeRecursively$7(NodeTestTask.java:125)
	at org.junit.platform.engine.support.hierarchical.Node.around(Node.java:135)
	at org.junit.platform.engine.support.hierarchical.NodeTestTask.lambda$executeRecursively$8(NodeTestTask.java:123)
	at org.junit.platform.engine.support.hierarchical.ThrowableCollector.execute(ThrowableCollector.java:73)
	at org.junit.platform.engine.support.hierarchical.NodeTestTask.executeRecursively(NodeTestTask.java:122)
	at org.junit.platform.engine.support.hierarchical.NodeTestTask.execute(NodeTestTask.java:80)
	at org.junit.platform.engine.support.hierarchical.SameThreadHierarchicalTestExecutorService.submit(SameThreadHierarchicalTestExecutorService.java:32)
	at org.junit.platform.engine.support.hierarchical.HierarchicalTestExecutor.execute(HierarchicalTestExecutor.java:57)
	at org.junit.platform.engine.support.hierarchical.HierarchicalTestEngine.execute(HierarchicalTestEngine.java:51)
	at org.junit.platform.launcher.core.DefaultLauncher.execute(DefaultLauncher.java:248)
	at org.junit.platform.launcher.core.DefaultLauncher.lambda$execute$5(DefaultLauncher.java:211)
	at org.junit.platform.launcher.core.DefaultLauncher.withInterceptedStreams(DefaultLauncher.java:226)
	at org.junit.platform.launcher.core.DefaultLauncher.execute(DefaultLauncher.java:199)
	at org.junit.platform.launcher.core.DefaultLauncher.execute(DefaultLauncher.java:132)
	at com.intellij.junit5.JUnit5IdeaTestRunner.startRunnerWithArgs(JUnit5IdeaTestRunner.java:69)
	at com.intellij.rt.junit.IdeaTestRunner$Repeater.startRunnerWithArgs(IdeaTestRunner.java:33)
	at com.intellij.rt.junit.JUnitStarter.prepareStreamsAndStart(JUnitStarter.java:230)
	at com.intellij.rt.junit.JUnitStarter.main(JUnitStarter.java:58)
Caused by: org.springframework.beans.factory.UnsatisfiedDependencyException: Error creating bean with name 'advertisementController': Unsatisfied dependency expressed through field 'advertisementService'; nested exception is org.springframework.beans.factory.BeanCreationException: Error creating bean with name 'advertisementService': Injection of @DubboReference dependencies is failed; nested exception is java.lang.IllegalStateException: Failed to check the status of the service ITimeService. No provider available for the service ITimeService:0.0.1-SNAPSHOT from the url nacos://localhost:8848/org.apache.dubbo.registry.RegistryService?application=advertisement-service&dubbo=2.0.2&init=false&interface=ITimeService&metadata-type=remote&methods=getTimesegmentById&pid=19528&qos.enable=false&register.ip=192.168.244.1&release=2.7.8&revision=0.0.1-SNAPSHOT&side=consumer&sticky=false&timestamp=1607927160382&version=0.0.1-SNAPSHOT to the consumer 192.168.244.1 use dubbo version 2.7.8
	at org.springframework.beans.factory.annotation.AutowiredAnnotationBeanPostProcessor$AutowiredFieldElement.inject(AutowiredAnnotationBeanPostProcessor.java:643)
	at org.springframework.beans.factory.annotation.InjectionMetadata.inject(InjectionMetadata.java:130)
	at org.springframework.beans.factory.annotation.AutowiredAnnotationBeanPostProcessor.postProcessProperties(AutowiredAnnotationBeanPostProcessor.java:399)
	at org.springframework.beans.factory.support.AbstractAutowireCapableBeanFactory.populateBean(AbstractAutowireCapableBeanFactory.java:1420)
	at org.springframework.beans.factory.support.AbstractAutowireCapableBeanFactory.doCreateBean(AbstractAutowireCapableBeanFactory.java:593)
	at org.springframework.beans.factory.support.AbstractAutowireCapableBeanFactory.createBean(AbstractAutowireCapableBeanFactory.java:516)
	at org.springframework.beans.factory.support.AbstractBeanFactory.lambda$doGetBean$0(AbstractBeanFactory.java:324)
	at org.springframework.beans.factory.support.DefaultSingletonBeanRegistry.getSingleton(DefaultSingletonBeanRegistry.java:226)
	at org.springframework.beans.factory.support.AbstractBeanFactory.doGetBean(AbstractBeanFactory.java:322)
	at org.springframework.beans.factory.support.AbstractBeanFactory.getBean(AbstractBeanFactory.java:202)
	at org.springframework.beans.factory.support.DefaultListableBeanFactory.preInstantiateSingletons(DefaultListableBeanFactory.java:897)
	at org.springframework.context.support.AbstractApplicationContext.finishBeanFactoryInitialization(AbstractApplicationContext.java:879)
	at org.springframework.context.support.AbstractApplicationContext.refresh(AbstractApplicationContext.java:551)
	at org.springframework.boot.SpringApplication.refresh(SpringApplication.java:758)
	at org.springframework.boot.SpringApplication.refresh(SpringApplication.java:750)
	at org.springframework.boot.SpringApplication.refreshContext(SpringApplication.java:397)
	at org.springframework.boot.SpringApplication.run(SpringApplication.java:315)
	at org.springframework.boot.test.context.SpringBootContextLoader.loadContext(SpringBootContextLoader.java:120)
	at org.springframework.test.context.cache.DefaultCacheAwareContextLoaderDelegate.loadContextInternal(DefaultCacheAwareContextLoaderDelegate.java:99)
	at org.springframework.test.context.cache.DefaultCacheAwareContextLoaderDelegate.loadContext(DefaultCacheAwareContextLoaderDelegate.java:124)
	... 63 common frames omitted
Caused by: org.springframework.beans.factory.BeanCreationException: Error creating bean with name 'advertisementService': Injection of @DubboReference dependencies is failed; nested exception is java.lang.IllegalStateException: Failed to check the status of the service ITimeService. No provider available for the service ITimeService:0.0.1-SNAPSHOT from the url nacos://localhost:8848/org.apache.dubbo.registry.RegistryService?application=advertisement-service&dubbo=2.0.2&init=false&interface=ITimeService&metadata-type=remote&methods=getTimesegmentById&pid=19528&qos.enable=false&register.ip=192.168.244.1&release=2.7.8&revision=0.0.1-SNAPSHOT&side=consumer&sticky=false&timestamp=1607927160382&version=0.0.1-SNAPSHOT to the consumer 192.168.244.1 use dubbo version 2.7.8
	at com.alibaba.spring.beans.factory.annotation.AbstractAnnotationBeanPostProcessor.postProcessPropertyValues(AbstractAnnotationBeanPostProcessor.java:149)
	at org.springframework.beans.factory.support.AbstractAutowireCapableBeanFactory.populateBean(AbstractAutowireCapableBeanFactory.java:1425)
	at org.springframework.beans.factory.support.AbstractAutowireCapableBeanFactory.doCreateBean(AbstractAutowireCapableBeanFactory.java:593)
	at org.springframework.beans.factory.support.AbstractAutowireCapableBeanFactory.createBean(AbstractAutowireCapableBeanFactory.java:516)
	at org.springframework.beans.factory.support.AbstractBeanFactory.lambda$doGetBean$0(AbstractBeanFactory.java:324)
	at org.springframework.beans.factory.support.DefaultSingletonBeanRegistry.getSingleton(DefaultSingletonBeanRegistry.java:226)
	at org.springframework.beans.factory.support.AbstractBeanFactory.doGetBean(AbstractBeanFactory.java:322)
	at org.springframework.beans.factory.support.AbstractBeanFactory.getBean(AbstractBeanFactory.java:202)
	at org.springframework.beans.factory.config.DependencyDescriptor.resolveCandidate(DependencyDescriptor.java:276)
	at org.springframework.beans.factory.support.DefaultListableBeanFactory.doResolveDependency(DefaultListableBeanFactory.java:1307)
	at org.springframework.beans.factory.support.DefaultListableBeanFactory.resolveDependency(DefaultListableBeanFactory.java:1227)
	at org.springframework.beans.factory.annotation.AutowiredAnnotationBeanPostProcessor$AutowiredFieldElement.inject(AutowiredAnnotationBeanPostProcessor.java:640)
	... 82 common frames omitted
Caused by: java.lang.IllegalStateException: Failed to check the status of the service ITimeService. No provider available for the service ITimeService:0.0.1-SNAPSHOT from the url nacos://localhost:8848/org.apache.dubbo.registry.RegistryService?application=advertisement-service&dubbo=2.0.2&init=false&interface=ITimeService&metadata-type=remote&methods=getTimesegmentById&pid=19528&qos.enable=false&register.ip=192.168.244.1&release=2.7.8&revision=0.0.1-SNAPSHOT&side=consumer&sticky=false&timestamp=1607927160382&version=0.0.1-SNAPSHOT to the consumer 192.168.244.1 use dubbo version 2.7.8
	at org.apache.dubbo.config.ReferenceConfig.checkInvokerAvailable(ReferenceConfig.java:420)
	at org.apache.dubbo.config.ReferenceConfig.init(ReferenceConfig.java:315)
	at org.apache.dubbo.config.ReferenceConfig.get(ReferenceConfig.java:205)
	at org.apache.dubbo.config.spring.beans.factory.annotation.ReferenceAnnotationBeanPostProcessor.doGetInjectedBean(ReferenceAnnotationBeanPostProcessor.java:144)
	at com.alibaba.spring.beans.factory.annotation.AbstractAnnotationBeanPostProcessor.getInjectedObject(AbstractAnnotationBeanPostProcessor.java:362)
	at com.alibaba.spring.beans.factory.annotation.AbstractAnnotationBeanPostProcessor$AnnotatedFieldElement.inject(AbstractAnnotationBeanPostProcessor.java:542)
	at org.springframework.beans.factory.annotation.InjectionMetadata.inject(InjectionMetadata.java:130)
	at com.alibaba.spring.beans.factory.annotation.AbstractAnnotationBeanPostProcessor.postProcessPropertyValues(AbstractAnnotationBeanPostProcessor.java:145)
	... 93 common frames omitted
2020-12-14 14:28:10.021 [main] INFO  c.e.x.a.controller.AdvertisementControllerTest - The following profiles are active: dev
2020-12-14 14:28:51.181 [main] INFO  c.e.x.a.controller.AdvertisementControllerTest - Started AdvertisementControllerTest in 61.303 seconds (JVM running for 66.123)
2020-12-14 14:28:52.269 [main] DEBUG c.e.x.a.controller.AdvertisementControllerTest - eyJ0eXAiOiJKV1QiLCJhbGciOiJIUzI1NiJ9.eyJzdWIiOiJ0aGlzIGlzIGEgdG9rZW4iLCJhdWQiOiJNSU5JQVBQIiwidG9rZW5JZCI6IjIwMjAxMjE0MTQyODUyMjY3IiwiaXNzIjoiT09BRCIsImRlcGFydElkIjowLCJleHAiOjE2MDc5Mjc0MzIsInVzZXJJZCI6MSwiaWF0IjoxNjA3OTI3MzMyfQ.vm3P5DzpevquXE1asQPcNYYVysktvdx-x4uYJgDnu08
2020-12-14 14:28:52.377 [main] DEBUG c.e.x.a.controller.AdvertisementController - getCurrentAdvertisement
2020-12-14 14:33:59.411 [main] INFO  c.e.x.a.controller.AdvertisementControllerTest - The following profiles are active: dev
2020-12-14 14:34:39.953 [main] INFO  c.e.x.a.controller.AdvertisementControllerTest - Started AdvertisementControllerTest in 63.131 seconds (JVM running for 67.001)
2020-12-14 14:34:41.110 [main] DEBUG c.e.x.a.controller.AdvertisementControllerTest - eyJ0eXAiOiJKV1QiLCJhbGciOiJIUzI1NiJ9.eyJzdWIiOiJ0aGlzIGlzIGEgdG9rZW4iLCJhdWQiOiJNSU5JQVBQIiwidG9rZW5JZCI6IjIwMjAxMjE0MTQzNDQxMDhPIiwiaXNzIjoiT09BRCIsImRlcGFydElkIjowLCJleHAiOjE2MDc5Mjc3ODEsInVzZXJJZCI6MSwiaWF0IjoxNjA3OTI3NjgxfQ.lKtJEDGsG85r_THJUHuiNpCpTavEqOUuMWsofK9XR4s
2020-12-14 14:34:41.231 [main] DEBUG c.e.x.a.controller.AdvertisementController - getCurrentAdvertisement
2020-12-14 14:40:18.220 [main] INFO  c.e.x.a.controller.AdvertisementControllerTest - The following profiles are active: dev
2020-12-14 14:41:02.144 [main] INFO  c.e.x.a.controller.AdvertisementControllerTest - Started AdvertisementControllerTest in 65.741 seconds (JVM running for 68.984)
2020-12-14 14:41:03.615 [main] DEBUG c.e.x.a.controller.AdvertisementControllerTest - eyJ0eXAiOiJKV1QiLCJhbGciOiJIUzI1NiJ9.eyJzdWIiOiJ0aGlzIGlzIGEgdG9rZW4iLCJhdWQiOiJNSU5JQVBQIiwidG9rZW5JZCI6IjIwMjAxMjE0MTQ0MTAzNVQyIiwiaXNzIjoiT09BRCIsImRlcGFydElkIjowLCJleHAiOjE2MDc5MjgxNjMsInVzZXJJZCI6MSwiaWF0IjoxNjA3OTI4MDYzfQ.yHe2_wTuesh3oGn01bCYkjHuzL3OoHhrTvRSs5-Rgos
2020-12-14 14:41:03.770 [main] DEBUG c.e.x.a.controller.AdvertisementController - getCurrentAdvertisement
2020-12-14 14:53:00.074 [main] INFO  c.e.x.a.controller.AdvertisementControllerTest - The following profiles are active: dev
2020-12-14 14:53:42.586 [main] INFO  c.e.x.a.controller.AdvertisementControllerTest - Started AdvertisementControllerTest in 62.919 seconds (JVM running for 66.756)
2020-12-14 14:53:43.722 [main] DEBUG c.e.x.a.controller.AdvertisementControllerTest - eyJ0eXAiOiJKV1QiLCJhbGciOiJIUzI1NiJ9.eyJzdWIiOiJ0aGlzIGlzIGEgdG9rZW4iLCJhdWQiOiJNSU5JQVBQIiwidG9rZW5JZCI6IjIwMjAxMjE0MTQ1MzQzN1dNIiwiaXNzIjoiT09BRCIsImRlcGFydElkIjowLCJleHAiOjE2MDc5Mjg5MjMsInVzZXJJZCI6MSwiaWF0IjoxNjA3OTI4ODIzfQ.42SfDQiiLTSo8NcXVlXqwkQ2SoxykP4WcTXpcgI9aeY
2020-12-14 14:53:43.816 [main] DEBUG c.e.x.a.controller.AdvertisementController - getCurrentAdvertisement
2020-12-14 14:55:37.693 [main] INFO  c.e.x.a.controller.AdvertisementControllerTest - The following profiles are active: dev
2020-12-14 14:56:20.273 [main] INFO  c.e.x.a.controller.AdvertisementControllerTest - Started AdvertisementControllerTest in 63.181 seconds (JVM running for 67.127)
2020-12-14 14:56:21.407 [main] DEBUG c.e.x.a.controller.AdvertisementControllerTest - eyJ0eXAiOiJKV1QiLCJhbGciOiJIUzI1NiJ9.eyJzdWIiOiJ0aGlzIGlzIGEgdG9rZW4iLCJhdWQiOiJNSU5JQVBQIiwidG9rZW5JZCI6IjIwMjAxMjE0MTQ1NjIxMjhMIiwiaXNzIjoiT09BRCIsImRlcGFydElkIjowLCJleHAiOjE2MDc5MjkwODEsInVzZXJJZCI6MSwiaWF0IjoxNjA3OTI4OTgxfQ.afg6viyEx93eyTPoCll6y_ZRuHzNs84avemyw1rbwmo
2020-12-14 14:56:21.511 [main] DEBUG c.e.x.a.controller.AdvertisementController - getCurrentAdvertisement
2020-12-14 15:19:23.983 [main] INFO  c.e.x.a.controller.AdvertisementControllerTest - The following profiles are active: dev
2020-12-14 15:20:16.295 [main] INFO  c.e.x.a.controller.AdvertisementControllerTest - Started AdvertisementControllerTest in 74.606 seconds (JVM running for 79.691)
2020-12-14 15:20:17.746 [main] DEBUG c.e.x.a.controller.AdvertisementControllerTest - eyJ0eXAiOiJKV1QiLCJhbGciOiJIUzI1NiJ9.eyJzdWIiOiJ0aGlzIGlzIGEgdG9rZW4iLCJhdWQiOiJNSU5JQVBQIiwidG9rZW5JZCI6IjIwMjAxMjE0MTUyMDE3N0NXIiwiaXNzIjoiT09BRCIsImRlcGFydElkIjowLCJleHAiOjE2MDc5MzA1MTcsInVzZXJJZCI6MSwiaWF0IjoxNjA3OTMwNDE3fQ.KmcpOtBHWIEilS6Jf4VnwYQeHL9SMUwIevCfA7aGihc
2020-12-14 15:20:17.926 [main] DEBUG c.e.x.a.controller.AdvertisementController - getCurrentAdvertisement
2020-12-14 15:23:35.393 [main] INFO  c.e.x.a.controller.AdvertisementControllerTest - The following profiles are active: dev
2020-12-14 15:24:19.534 [main] INFO  c.e.x.a.controller.AdvertisementControllerTest - Started AdvertisementControllerTest in 63.778 seconds (JVM running for 67.625)
2020-12-14 15:24:20.397 [main] DEBUG c.e.x.a.controller.AdvertisementControllerTest - eyJ0eXAiOiJKV1QiLCJhbGciOiJIUzI1NiJ9.eyJzdWIiOiJ0aGlzIGlzIGEgdG9rZW4iLCJhdWQiOiJNSU5JQVBQIiwidG9rZW5JZCI6IjIwMjAxMjE0MTUyNDIwM0JQIiwiaXNzIjoiT09BRCIsImRlcGFydElkIjowLCJleHAiOjE2MDc5MzA3NjAsInVzZXJJZCI6MSwiaWF0IjoxNjA3OTMwNjYwfQ.dICWUkJ-5mES3b5QLE1gqJHZlqD7V52nU8McmOvP7xI
2020-12-14 15:24:20.501 [main] DEBUG c.e.x.a.controller.AdvertisementController - getCurrentAdvertisement
2020-12-14 16:20:01.702 [main] INFO  c.e.x.a.controller.AdvertisementControllerTest - The following profiles are active: dev
2020-12-14 16:20:41.773 [main] INFO  c.e.x.a.controller.AdvertisementControllerTest - Started AdvertisementControllerTest in 61.464 seconds (JVM running for 65.76)
2020-12-14 16:20:43.094 [main] DEBUG c.e.x.a.controller.AdvertisementControllerTest - eyJ0eXAiOiJKV1QiLCJhbGciOiJIUzI1NiJ9.eyJzdWIiOiJ0aGlzIGlzIGEgdG9rZW4iLCJhdWQiOiJNSU5JQVBQIiwidG9rZW5JZCI6IjIwMjAxMjE0MTYyMDQzMDVXIiwiaXNzIjoiT09BRCIsImRlcGFydElkIjowLCJleHAiOjE2MDc5MzQxNDMsInVzZXJJZCI6MSwiaWF0IjoxNjA3OTM0MDQzfQ.NArvPSpTgSE5g4YbUFaV-7dAHibw1xYOk8j9eh5v3-Y
2020-12-14 16:20:43.213 [main] DEBUG c.e.x.a.controller.AdvertisementController - getCurrentAdvertisement
2020-12-14 16:22:59.330 [main] INFO  c.e.x.a.controller.AdvertisementControllerTest - The following profiles are active: dev
2020-12-14 16:23:46.639 [main] INFO  c.e.x.a.controller.AdvertisementControllerTest - Started AdvertisementControllerTest in 71.056 seconds (JVM running for 78.139)
2020-12-14 16:23:47.778 [main] DEBUG c.e.x.a.controller.AdvertisementControllerTest - eyJ0eXAiOiJKV1QiLCJhbGciOiJIUzI1NiJ9.eyJzdWIiOiJ0aGlzIGlzIGEgdG9rZW4iLCJhdWQiOiJNSU5JQVBQIiwidG9rZW5JZCI6IjIwMjAxMjE0MTYyMzQ3N0VKIiwiaXNzIjoiT09BRCIsImRlcGFydElkIjowLCJleHAiOjE2MDc5MzQzMjcsInVzZXJJZCI6MSwiaWF0IjoxNjA3OTM0MjI3fQ.Km6ht0ABRfbrm5wg5DRHBmDOkDwkjP4H9w631uUTzaI
2020-12-14 16:23:47.888 [main] DEBUG c.e.x.a.controller.AdvertisementController - getCurrentAdvertisement
2020-12-14 16:28:23.021 [main] INFO  c.e.x.a.controller.AdvertisementControllerTest - The following profiles are active: dev
2020-12-14 16:29:17.241 [main] INFO  c.e.x.a.controller.AdvertisementControllerTest - Started AdvertisementControllerTest in 77.552 seconds (JVM running for 83.086)
2020-12-14 16:29:19.130 [main] DEBUG c.e.x.a.controller.AdvertisementControllerTest - eyJ0eXAiOiJKV1QiLCJhbGciOiJIUzI1NiJ9.eyJzdWIiOiJ0aGlzIGlzIGEgdG9rZW4iLCJhdWQiOiJNSU5JQVBQIiwidG9rZW5JZCI6IjIwMjAxMjE0MTYyOTE5MDlZIiwiaXNzIjoiT09BRCIsImRlcGFydElkIjowLCJleHAiOjE2MDc5MzQ2NTksInVzZXJJZCI6MSwiaWF0IjoxNjA3OTM0NTU5fQ.nBTXLyV8R0AZp1TlMIyVgAudMc8HWzwm66I0M6k_6u4
2020-12-14 16:29:19.326 [main] DEBUG c.e.x.a.controller.AdvertisementController - getCurrentAdvertisement
2020-12-14 16:33:26.719 [main] INFO  c.e.x.a.controller.AdvertisementControllerTest - The following profiles are active: dev
2020-12-14 16:33:56.650 [main] INFO  c.e.x.a.controller.AdvertisementControllerTest - Started AdvertisementControllerTest in 41.876 seconds (JVM running for 45.329)
2020-12-14 16:33:57.320 [main] DEBUG c.e.x.a.controller.AdvertisementControllerTest - eyJ0eXAiOiJKV1QiLCJhbGciOiJIUzI1NiJ9.eyJzdWIiOiJ0aGlzIGlzIGEgdG9rZW4iLCJhdWQiOiJNSU5JQVBQIiwidG9rZW5JZCI6IjIwMjAxMjE0MTYzMzU3M0k5IiwiaXNzIjoiT09BRCIsImRlcGFydElkIjowLCJleHAiOjE2MDc5MzQ5MzcsInVzZXJJZCI6MSwiaWF0IjoxNjA3OTM0ODM3fQ.uDwi1RqD5Fd6vdKzf0xMR5Qvb-gvAWDfgo3-ymbxJEs
2020-12-14 16:33:57.406 [main] DEBUG c.e.x.a.controller.AdvertisementController - getCurrentAdvertisement
2020-12-14 16:35:26.204 [main] INFO  c.e.x.a.controller.AdvertisementControllerTest - The following profiles are active: dev
2020-12-14 16:35:54.223 [main] INFO  c.e.x.a.controller.AdvertisementControllerTest - Started AdvertisementControllerTest in 40.549 seconds (JVM running for 43.615)
2020-12-14 16:35:54.925 [main] DEBUG c.e.x.a.controller.AdvertisementControllerTest - eyJ0eXAiOiJKV1QiLCJhbGciOiJIUzI1NiJ9.eyJzdWIiOiJ0aGlzIGlzIGEgdG9rZW4iLCJhdWQiOiJNSU5JQVBQIiwidG9rZW5JZCI6IjIwMjAxMjE0MTYzNTU0OTRJIiwiaXNzIjoiT09BRCIsImRlcGFydElkIjowLCJleHAiOjE2MDc5MzUwNTQsInVzZXJJZCI6MSwiaWF0IjoxNjA3OTM0OTU0fQ.sHypWJJLXcr-_ExQuFAt7lpXYT8cchv5-QkBtE9UQW0
2020-12-14 16:35:55.001 [main] DEBUG c.e.x.a.controller.AdvertisementController - getCurrentAdvertisement
2020-12-14 16:38:16.669 [main] INFO  c.e.x.a.controller.AdvertisementControllerTest - The following profiles are active: dev
2020-12-14 16:38:42.216 [main] INFO  c.e.x.a.controller.AdvertisementControllerTest - Started AdvertisementControllerTest in 37.109 seconds (JVM running for 40.237)
2020-12-14 16:38:42.939 [main] DEBUG c.e.x.a.controller.AdvertisementControllerTest - eyJ0eXAiOiJKV1QiLCJhbGciOiJIUzI1NiJ9.eyJzdWIiOiJ0aGlzIGlzIGEgdG9rZW4iLCJhdWQiOiJNSU5JQVBQIiwidG9rZW5JZCI6IjIwMjAxMjE0MTYzODQyOUJFIiwiaXNzIjoiT09BRCIsImRlcGFydElkIjowLCJleHAiOjE2MDc5MzUyMjIsInVzZXJJZCI6MSwiaWF0IjoxNjA3OTM1MTIyfQ.JG0UCq91KKBGEAQlfP3xnFpUUihu70oTupQf8Ad6Q9A
2020-12-14 16:38:43.049 [main] DEBUG c.e.x.a.controller.AdvertisementController - getCurrentAdvertisement
2020-12-14 16:53:49.449 [main] INFO  c.e.x.a.controller.AdvertisementControllerTest - The following profiles are active: dev
2020-12-14 16:54:13.932 [main] INFO  c.e.x.a.controller.AdvertisementControllerTest - Started AdvertisementControllerTest in 36.309 seconds (JVM running for 39.044)
2020-12-14 16:54:14.655 [main] DEBUG c.e.x.a.controller.AdvertisementController - getCurrentAdvertisement
2020-12-14 16:55:32.131 [main] INFO  c.e.x.a.controller.AdvertisementControllerTest - The following profiles are active: dev
2020-12-14 16:55:57.698 [main] INFO  c.e.x.a.controller.AdvertisementControllerTest - Started AdvertisementControllerTest in 38.445 seconds (JVM running for 42.428)
2020-12-14 16:55:58.376 [main] DEBUG c.e.x.a.controller.AdvertisementController - getCurrentAdvertisement
2020-12-14 16:58:12.860 [main] INFO  c.e.x.a.controller.AdvertisementControllerTest - The following profiles are active: dev
2020-12-14 16:58:37.890 [main] INFO  c.e.x.a.controller.AdvertisementControllerTest - Started AdvertisementControllerTest in 37.222 seconds (JVM running for 40.362)
2020-12-14 16:58:38.614 [main] DEBUG c.e.x.a.controller.AdvertisementController - getCurrentAdvertisement
2020-12-14 17:00:03.469 [main] INFO  c.e.x.a.controller.AdvertisementControllerTest - The following profiles are active: dev
2020-12-14 17:00:28.965 [main] INFO  c.e.x.a.controller.AdvertisementControllerTest - Started AdvertisementControllerTest in 37.411 seconds (JVM running for 40.216)
2020-12-14 17:00:29.455 [main] DEBUG c.e.x.a.controller.AdvertisementController - getCurrentAdvertisement
2020-12-14 17:08:52.516 [main] INFO  c.e.x.a.controller.AdvertisementControllerTest - The following profiles are active: dev
2020-12-14 17:09:21.211 [main] INFO  c.e.x.a.controller.AdvertisementControllerTest - Started AdvertisementControllerTest in 40.308 seconds (JVM running for 43.676)
2020-12-14 17:09:22.097 [main] DEBUG c.e.x.a.controller.AdvertisementController - getCurrentAdvertisement
2020-12-14 17:10:18.997 [main] INFO  c.e.x.a.controller.AdvertisementControllerTest - The following profiles are active: dev
2020-12-14 17:10:50.500 [main] INFO  c.e.x.a.controller.AdvertisementControllerTest - Started AdvertisementControllerTest in 43.475 seconds (JVM running for 46.548)
2020-12-14 17:10:51.469 [main] DEBUG c.e.x.a.controller.AdvertisementController - getCurrentAdvertisement
